  enemy.cpp
C:\Users\kousu\Desktop\就職作品\enemy.cpp(351,80): warning C4244: '引数': 'float' から 'int' への変換です。データが失われる可能性があります。
C:\Users\kousu\Desktop\就職作品\enemy.cpp(351,43): warning C4244: '引数': 'float' から 'int' への変換です。データが失われる可能性があります。
C:\Users\kousu\Desktop\就職作品\enemy.cpp(481,23): warning C4305: '+=': 'double' から 'float' へ切り詰めます。
  player.cpp
C:\Users\kousu\Desktop\就職作品\player.cpp(490,80): warning C4244: '引数': 'float' から 'int' への変換です。データが失われる可能性があります。
C:\Users\kousu\Desktop\就職作品\player.cpp(490,43): warning C4244: '引数': 'float' から 'int' への変換です。データが失われる可能性があります。
C:\Users\kousu\Desktop\就職作品\player.cpp(496,16): warning C4305: '+=': 'double' から 'float' へ切り詰めます。
C:\Users\kousu\Desktop\就職作品\player.cpp(504,16): warning C4305: '+=': 'double' から 'float' へ切り詰めます。
C:\Users\kousu\Desktop\就職作品\player.cpp(1430,30): warning C4244: '+=': 'double' から 'float' への変換です。データが失われる可能性があります。
C:\Users\kousu\Desktop\就職作品\player.cpp(1442,31): warning C4244: '+=': 'double' から 'float' への変換です。データが失われる可能性があります。
C:\Users\kousu\Desktop\就職作品\player.cpp(1453,31): warning C4244: '+=': 'double' から 'float' への変換です。データが失われる可能性があります。
C:\Users\kousu\Desktop\就職作品\player.cpp(1464,31): warning C4244: '+=': 'double' から 'float' への変換です。データが失われる可能性があります。
  trailtexture.cpp
  コード生成しています。
  15 of 2886 functions ( 0.5%) were compiled, the rest were copied from previous compilation.
    0 functions were new in current compilation
    26 functions had inline decision re-evaluated but remain unchanged
  コード生成が終了しました。
  GM31.vcxproj -> C:\Users\kousu\Desktop\就職作品\x64\Release\GM31.exe
