c:\users\kousu\onedrive\デスクトップ\syuukatusakuhin_2023_1120\syuukatusakuhin\syuukatusakuhin\x64\release\vc143.pdb
c:\users\kousu\onedrive\デスクトップ\syuukatusakuhin_2023_1120\syuukatusakuhin\syuukatusakuhin\x64\release\imgui_tables.obj
c:\users\kousu\onedrive\デスクトップ\syuukatusakuhin_2023_1120\syuukatusakuhin\syuukatusakuhin\x64\release\imgui_impl_win32.obj
c:\users\kousu\onedrive\デスクトップ\syuukatusakuhin_2023_1120\syuukatusakuhin\syuukatusakuhin\x64\release\imgui_impl_dx11.obj
c:\users\kousu\onedrive\デスクトップ\syuukatusakuhin_2023_1120\syuukatusakuhin\syuukatusakuhin\x64\release\imgui_draw.obj
c:\users\kousu\onedrive\デスクトップ\syuukatusakuhin_2023_1120\syuukatusakuhin\syuukatusakuhin\x64\release\imgui_demo.obj
c:\users\kousu\onedrive\デスクトップ\syuukatusakuhin_2023_1120\syuukatusakuhin\syuukatusakuhin\x64\release\imgui.obj
c:\users\kousu\onedrive\デスクトップ\syuukatusakuhin_2023_1120\syuukatusakuhin\syuukatusakuhin\x64\release\hpbottom.obj
c:\users\kousu\onedrive\デスクトップ\syuukatusakuhin_2023_1120\syuukatusakuhin\syuukatusakuhin\x64\release\game.obj
c:\users\kousu\onedrive\デスクトップ\syuukatusakuhin_2023_1120\syuukatusakuhin\syuukatusakuhin\x64\release\field.obj
c:\users\kousu\onedrive\デスクトップ\syuukatusakuhin_2023_1120\syuukatusakuhin\syuukatusakuhin\x64\release\fade.obj
c:\users\kousu\onedrive\デスクトップ\syuukatusakuhin_2023_1120\syuukatusakuhin\syuukatusakuhin\x64\release\explosion.obj
c:\users\kousu\onedrive\デスクトップ\syuukatusakuhin_2023_1120\syuukatusakuhin\syuukatusakuhin\x64\release\enemy2.obj
c:\users\kousu\onedrive\デスクトップ\syuukatusakuhin_2023_1120\syuukatusakuhin\syuukatusakuhin\x64\release\enemy.obj
c:\users\kousu\onedrive\デスクトップ\syuukatusakuhin_2023_1120\syuukatusakuhin\syuukatusakuhin\x64\release\cylinder.obj
c:\users\kousu\onedrive\デスクトップ\syuukatusakuhin_2023_1120\syuukatusakuhin\syuukatusakuhin\x64\release\child.obj
c:\users\kousu\onedrive\デスクトップ\syuukatusakuhin_2023_1120\syuukatusakuhin\syuukatusakuhin\x64\release\camera.obj
c:\users\kousu\onedrive\デスクトップ\syuukatusakuhin_2023_1120\syuukatusakuhin\syuukatusakuhin\x64\release\bullet.obj
c:\users\kousu\onedrive\デスクトップ\syuukatusakuhin_2023_1120\syuukatusakuhin\syuukatusakuhin\x64\release\box.obj
c:\users\kousu\onedrive\デスクトップ\syuukatusakuhin_2023_1120\syuukatusakuhin\syuukatusakuhin\x64\release\audio.obj
c:\users\kousu\onedrive\デスクトップ\syuukatusakuhin_2023_1120\syuukatusakuhin\syuukatusakuhin\x64\release\animationmodel.obj
c:\users\kousu\onedrive\デスクトップ\syuukatusakuhin_2023_1120\syuukatusakuhin\syuukatusakuhin\x64\release\tree.obj
c:\users\kousu\onedrive\デスクトップ\syuukatusakuhin_2023_1120\syuukatusakuhin\syuukatusakuhin\x64\release\titlelogo.obj
c:\users\kousu\onedrive\デスクトップ\syuukatusakuhin_2023_1120\syuukatusakuhin\syuukatusakuhin\x64\release\title.obj
c:\users\kousu\onedrive\デスクトップ\syuukatusakuhin_2023_1120\syuukatusakuhin\syuukatusakuhin\x64\release\sprite.obj
c:\users\kousu\onedrive\デスクトップ\syuukatusakuhin_2023_1120\syuukatusakuhin\syuukatusakuhin\x64\release\sky.obj
c:\users\kousu\onedrive\デスクトップ\syuukatusakuhin_2023_1120\syuukatusakuhin\syuukatusakuhin\x64\release\shadow.obj
c:\users\kousu\onedrive\デスクトップ\syuukatusakuhin_2023_1120\syuukatusakuhin\syuukatusakuhin\x64\release\score.obj
c:\users\kousu\onedrive\デスクトップ\syuukatusakuhin_2023_1120\syuukatusakuhin\syuukatusakuhin\x64\release\rock.obj
c:\users\kousu\onedrive\デスクトップ\syuukatusakuhin_2023_1120\syuukatusakuhin\syuukatusakuhin\x64\release\result.obj
c:\users\kousu\onedrive\デスクトップ\syuukatusakuhin_2023_1120\syuukatusakuhin\syuukatusakuhin\x64\release\renderer.obj
c:\users\kousu\onedrive\デスクトップ\syuukatusakuhin_2023_1120\syuukatusakuhin\syuukatusakuhin\x64\release\polygon2d.obj
c:\users\kousu\onedrive\デスクトップ\syuukatusakuhin_2023_1120\syuukatusakuhin\syuukatusakuhin\x64\release\playerhpgage.obj
c:\users\kousu\onedrive\デスクトップ\syuukatusakuhin_2023_1120\syuukatusakuhin\syuukatusakuhin\x64\release\player.obj
c:\users\kousu\onedrive\デスクトップ\syuukatusakuhin_2023_1120\syuukatusakuhin\syuukatusakuhin\x64\release\model.obj
c:\users\kousu\onedrive\デスクトップ\syuukatusakuhin_2023_1120\syuukatusakuhin\syuukatusakuhin\x64\release\meshfield.obj
c:\users\kousu\onedrive\デスクトップ\syuukatusakuhin_2023_1120\syuukatusakuhin\syuukatusakuhin\x64\release\manager.obj
c:\users\kousu\onedrive\デスクトップ\syuukatusakuhin_2023_1120\syuukatusakuhin\syuukatusakuhin\x64\release\main.obj
c:\users\kousu\onedrive\デスクトップ\syuukatusakuhin_2023_1120\syuukatusakuhin\syuukatusakuhin\x64\release\input.obj
c:\users\kousu\onedrive\デスクトップ\syuukatusakuhin_2023_1120\syuukatusakuhin\syuukatusakuhin\x64\release\imgui_widgets.obj
c:\users\kousu\onedrive\デスクトップ\syuukatusakuhin_2023_1120\syuukatusakuhin\syuukatusakuhin\shader\depthshadowmappingps.cso
c:\users\kousu\onedrive\デスクトップ\syuukatusakuhin_2023_1120\syuukatusakuhin\syuukatusakuhin\shader\depthshadowmappingvs.cso
c:\users\kousu\onedrive\デスクトップ\syuukatusakuhin_2023_1120\syuukatusakuhin\syuukatusakuhin\shader\dissolveps.cso
c:\users\kousu\onedrive\デスクトップ\syuukatusakuhin_2023_1120\syuukatusakuhin\syuukatusakuhin\pixellightingps.cso
c:\users\kousu\onedrive\デスクトップ\syuukatusakuhin_2023_1120\syuukatusakuhin\syuukatusakuhin\shader\pixellightingrimps.cso
c:\users\kousu\onedrive\デスクトップ\syuukatusakuhin_2023_1120\syuukatusakuhin\syuukatusakuhin\shader\pixellightingrimvs.cso
c:\users\kousu\onedrive\デスクトップ\syuukatusakuhin_2023_1120\syuukatusakuhin\syuukatusakuhin\pixellightingvs.cso
c:\users\kousu\onedrive\デスクトップ\syuukatusakuhin_2023_1120\syuukatusakuhin\syuukatusakuhin\shader\unlittextureps.cso
c:\users\kousu\onedrive\デスクトップ\syuukatusakuhin_2023_1120\syuukatusakuhin\syuukatusakuhin\shader\unlittexturevs.cso
c:\users\kousu\onedrive\デスクトップ\syuukatusakuhin_2023_1120\syuukatusakuhin\syuukatusakuhin\shader\vertexlightingps.cso
c:\users\kousu\onedrive\デスクトップ\syuukatusakuhin_2023_1120\syuukatusakuhin\syuukatusakuhin\shader\vertexlightingvs.cso
c:\users\kousu\documents\syuukatusakuhin\x64\release\gm31.ipdb
c:\users\kousu\documents\syuukatusakuhin\x64\release\gm31.iobj
c:\users\kousu\onedrive\ドキュメント\syuukatusakuhin\x64\release\gm31.ipdb
c:\users\kousu\onedrive\ドキュメント\syuukatusakuhin\x64\release\gm31.iobj
c:\users\kousu\desktop\syuukatusakuhin\syuukatusakuhin\x64\release\gm31.ipdb
c:\users\kousu\desktop\syuukatusakuhin\syuukatusakuhin\x64\release\gm31.iobj
c:\users\kousu\onedrive\デスクトップ\syuukatusakuhin_2023_1120\syuukatusakuhin\syuukatusakuhin\x64\release\gm31.ipdb
c:\users\kousu\onedrive\デスクトップ\syuukatusakuhin_2023_1120\syuukatusakuhin\syuukatusakuhin\x64\release\gm31.iobj
c:\users\kousu\onedrive\デスクトップ\syuukatusakuhin_2023_1120\syuukatusakuhin\syuukatusakuhin\x64\release\gm31.exe
c:\users\kousu\onedrive\デスクトップ\syuukatusakuhin_2023_1120\syuukatusakuhin\syuukatusakuhin\x64\release\gm31.pdb
c:\users\kousu\onedrive\デスクトップ\syuukatusakuhin_2023_1120\syuukatusakuhin\syuukatusakuhin\x64\release\gm31.tlog\cl.command.1.tlog
c:\users\kousu\onedrive\デスクトップ\syuukatusakuhin_2023_1120\syuukatusakuhin\syuukatusakuhin\x64\release\gm31.tlog\cl.items.tlog
c:\users\kousu\onedrive\デスクトップ\syuukatusakuhin_2023_1120\syuukatusakuhin\syuukatusakuhin\x64\release\gm31.tlog\cl.read.1.tlog
c:\users\kousu\onedrive\デスクトップ\syuukatusakuhin_2023_1120\syuukatusakuhin\syuukatusakuhin\x64\release\gm31.tlog\cl.write.1.tlog
c:\users\kousu\onedrive\デスクトップ\syuukatusakuhin_2023_1120\syuukatusakuhin\syuukatusakuhin\x64\release\gm31.tlog\fxc.command.1.tlog
c:\users\kousu\onedrive\デスクトップ\syuukatusakuhin_2023_1120\syuukatusakuhin\syuukatusakuhin\x64\release\gm31.tlog\fxc.read.1.tlog
c:\users\kousu\onedrive\デスクトップ\syuukatusakuhin_2023_1120\syuukatusakuhin\syuukatusakuhin\x64\release\gm31.tlog\fxc.write.1.tlog
c:\users\kousu\onedrive\デスクトップ\syuukatusakuhin_2023_1120\syuukatusakuhin\syuukatusakuhin\x64\release\gm31.tlog\link.command.1.tlog
c:\users\kousu\onedrive\デスクトップ\syuukatusakuhin_2023_1120\syuukatusakuhin\syuukatusakuhin\x64\release\gm31.tlog\link.read.1.tlog
c:\users\kousu\onedrive\デスクトップ\syuukatusakuhin_2023_1120\syuukatusakuhin\syuukatusakuhin\x64\release\gm31.tlog\link.write.1.tlog
c:\users\kousu\onedrive\デスクトップ\syuukatusakuhin_2023_1120\syuukatusakuhin\syuukatusakuhin\x64\release\gm31.tlog\link.write.2u.tlog
