  Loading.cpp
  animationModel.cpp
  audio.cpp
  basecamptent.cpp
  bladeefect1.cpp
  bladeefect2.cpp
  box.cpp
  bullet.cpp
  camera.cpp
  campField.cpp
  collider.cpp
  cylinder.cpp
  debug.cpp
  dummy.cpp
  enemy.cpp
  fade.cpp
  field.cpp
  game.cpp
  gametexturemanager.cpp
  guardeffect.cpp
C:\Users\kousu\Desktop\就職作品\debug.cpp(43,42): warning C4244: '引数': 'float' から 'int' への変換です。データが失われる可能性があります。
C:\Users\kousu\Desktop\就職作品\debug.cpp(43,35): warning C4244: '引数': 'float' から 'int' への変換です。データが失われる可能性があります。
C:\Users\kousu\Desktop\就職作品\dummy.cpp(23,71): warning C4244: '引数': 'double' から 'FLOAT' への変換です。データが失われる可能性があります。
C:\Users\kousu\Desktop\就職作品\enemy.cpp(322,80): warning C4244: '引数': 'float' から 'int' への変換です。データが失われる可能性があります。
C:\Users\kousu\Desktop\就職作品\enemy.cpp(322,43): warning C4244: '引数': 'float' から 'int' への変換です。データが失われる可能性があります。
C:\Users\kousu\Desktop\就職作品\enemy.cpp(481,23): warning C4305: '+=': 'double' から 'float' へ切り詰めます。
C:\Users\kousu\Desktop\就職作品\campField.cpp(226,24): warning C4244: '=': 'float' から 'int' への変換です。データが失われる可能性があります。
C:\Users\kousu\Desktop\就職作品\campField.cpp(227,25): warning C4244: '=': 'float' から 'int' への変換です。データが失われる可能性があります。
C:\Users\kousu\Desktop\就職作品\game.cpp(208,43): warning C4244: '引数': 'double' から 'float' への変換です。データが失われる可能性があります。
  healefect.cpp
  howleffect.cpp
  hpgage.cpp
  loadingtexturemanager.cpp
  main.cpp
  manager.cpp
  meshField.cpp
  player.cpp
  polygon2D.cpp
  potioncount.cpp
  result.cpp
  result_gameover.cpp
  rock.cpp
  rockeffect.cpp
  score.cpp
  shieldefect.cpp
  sky.cpp
  staminagage.cpp
  textureload.cpp
  title.cpp
C:\Users\kousu\Desktop\就職作品\rockeffect.cpp(19,30): warning C4305: '引数': 'double' から 'FLOAT' へ切り詰めます。
C:\Users\kousu\Desktop\就職作品\rockeffect.cpp(25,54): warning C4244: '引数': 'double' から 'FLOAT' への変換です。データが失われる可能性があります。
C:\Users\kousu\Desktop\就職作品\meshField.cpp(242,24): warning C4244: '=': 'float' から 'int' への変換です。データが失われる可能性があります。
C:\Users\kousu\Desktop\就職作品\meshField.cpp(243,25): warning C4244: '=': 'float' から 'int' への変換です。データが失われる可能性があります。
C:\Users\kousu\Desktop\就職作品\player.cpp(242,39): warning C4244: '引数': 'double' から 'float' への変換です。データが失われる可能性があります。
C:\Users\kousu\Desktop\就職作品\player.cpp(519,80): warning C4244: '引数': 'float' から 'int' への変換です。データが失われる可能性があります。
C:\Users\kousu\Desktop\就職作品\player.cpp(519,43): warning C4244: '引数': 'float' から 'int' への変換です。データが失われる可能性があります。
C:\Users\kousu\Desktop\就職作品\player.cpp(565,43): warning C4244: '引数': 'double' から 'float' への変換です。データが失われる可能性があります。
C:\Users\kousu\Desktop\就職作品\player.cpp(583,44): warning C4244: '引数': 'double' から 'float' への変換です。データが失われる可能性があります。
C:\Users\kousu\Desktop\就職作品\hpgage.cpp(91,16): warning C4244: '-=': 'float' から 'int' への変換です。データが失われる可能性があります。
C:\Users\kousu\Desktop\就職作品\hpgage.cpp(123,21): warning C4244: '=': 'int' から 'FLOAT' への変換です。データが失われる可能性があります。
C:\Users\kousu\Desktop\就職作品\hpgage.cpp(124,21): warning C4244: '=': 'int' から 'FLOAT' への変換です。データが失われる可能性があります。
C:\Users\kousu\Desktop\就職作品\hpgage.cpp(125,21): warning C4244: '=': 'int' から 'FLOAT' への変換です。データが失われる可能性があります。
C:\Users\kousu\Desktop\就職作品\main.cpp(106,41): warning C4018: '>=': signed と unsigned の数値を比較しようとしました。
C:\Users\kousu\Desktop\就職作品\main.cpp(173,51): warning C4244: 'return': 'LONG' から 'float' への変換です。データが失われる可能性があります。
C:\Users\kousu\Desktop\就職作品\main.cpp(174,51): warning C4244: 'return': 'LONG' から 'float' への変換です。データが失われる可能性があります。
C:\Users\kousu\Desktop\就職作品\main.cpp(176,58): warning C4244: 'return': 'LONG' から 'float' への変換です。データが失われる可能性があります。
C:\Users\kousu\Desktop\就職作品\main.cpp(177,58): warning C4244: 'return': 'LONG' から 'float' への変換です。データが失われる可能性があります。
  titletexturemanager.cpp
  torus.cpp
  trail.cpp
  treasurebox.cpp
C:\Users\kousu\Desktop\就職作品\textureload.cpp(169,36): warning C4244: '引数': 'double' から 'float' への変換です。データが失われる可能性があります。
C:\Users\kousu\Desktop\就職作品\staminagage.cpp(82,16): warning C4244: '-=': 'float' から 'int' への変換です。データが失われる可能性があります。
C:\Users\kousu\Desktop\就職作品\staminagage.cpp(87,16): warning C4244: '+=': 'float' から 'int' への変換です。データが失われる可能性があります。
C:\Users\kousu\Desktop\就職作品\staminagage.cpp(95,20): warning C4244: '引数': 'float' から 'int' への変換です。データが失われる可能性があります。
C:\Users\kousu\Desktop\就職作品\staminagage.cpp(129,20): warning C4244: '=': 'int' から 'FLOAT' への変換です。データが失われる可能性があります。
C:\Users\kousu\Desktop\就職作品\staminagage.cpp(130,20): warning C4244: '=': 'int' から 'FLOAT' への変換です。データが失われる可能性があります。
  treeobj.cpp
  treetexture.cpp
  watersurface.cpp
  wepon_axe.cpp
  wepon_shield.cpp
  wepon_sword.cpp
  wood.cpp
C:\Users\kousu\Desktop\就職作品\titletexturemanager.cpp(139,41): warning C4244: '=': 'double' から 'FLOAT' への変換です。データが失われる可能性があります。
C:\Users\kousu\Desktop\就職作品\titletexturemanager.cpp(164,40): warning C4244: '=': 'double' から 'FLOAT' への変換です。データが失われる可能性があります。
C:\Users\kousu\Desktop\就職作品\watersurface.cpp(265,19): warning C4244: '初期化中': 'double' から 'float' への変換です。データが失われる可能性があります。
C:\Users\kousu\Desktop\就職作品\watersurface.cpp(332,24): warning C4244: '=': 'float' から 'int' への変換です。データが失われる可能性があります。
C:\Users\kousu\Desktop\就職作品\watersurface.cpp(333,25): warning C4244: '=': 'float' から 'int' への変換です。データが失われる可能性があります。
C:\Users\kousu\Desktop\就職作品\trail.cpp(187,64): warning C4267: '引数': 'size_t' から 'UINT' に変換しました。データが失われているかもしれません。
  GM31.vcxproj -> C:\Users\kousu\Desktop\就職作品\x64\Debug\GM31.exe
