c:\users\kousu\desktop\就プレ_武器分離 (2)\就プレ_武器分離\x64\debug\vc143.pdb
c:\users\kousu\desktop\就プレ_武器分離 (2)\就プレ_武器分離\x64\debug\vc143.idb
c:\users\kousu\desktop\就プレ_納刀抜刀実装 (2)\就プレ_納刀抜刀実装\就プレ_納刀抜刀実装\就プレ_武器分離\x64\debug\vc143.pdb
c:\users\kousu\desktop\就プレ_納刀抜刀実装 (2)\就プレ_納刀抜刀実装\就プレ_納刀抜刀実装\就プレ_武器分離\x64\debug\vc143.idb
c:\users\kousu\desktop\就プレ_納刀抜刀実装 (2)\就プレ_納刀抜刀実装\就プレ_納刀抜刀実装\就プレ_武器分離\x64\debug\potion.obj
c:\users\kousu\desktop\就プレ_納刀抜刀実装 (2)\就プレ_納刀抜刀実装\就プレ_納刀抜刀実装\就プレ_武器分離\x64\debug\grass.obj
c:\users\kousu\desktop\就プレ_納刀抜刀実装 (2)\就プレ_納刀抜刀実装\就プレ_納刀抜刀実装\就プレ_武器分離\x64\debug\game.obj
c:\users\kousu\desktop\就プレ_納刀抜刀実装 (2)\就プレ_納刀抜刀実装\就プレ_納刀抜刀実装\就プレ_武器分離\x64\debug\floar.obj
c:\users\kousu\desktop\就プレ_納刀抜刀実装 (2)\就プレ_納刀抜刀実装\就プレ_納刀抜刀実装\就プレ_武器分離\x64\debug\field.obj
c:\users\kousu\desktop\就プレ_納刀抜刀実装 (2)\就プレ_納刀抜刀実装\就プレ_納刀抜刀実装\就プレ_武器分離\x64\debug\fade.obj
c:\users\kousu\desktop\就プレ_納刀抜刀実装 (2)\就プレ_納刀抜刀実装\就プレ_納刀抜刀実装\就プレ_武器分離\x64\debug\explosion.obj
c:\users\kousu\desktop\就プレ_納刀抜刀実装 (2)\就プレ_納刀抜刀実装\就プレ_納刀抜刀実装\就プレ_武器分離\x64\debug\enemy2.obj
c:\users\kousu\desktop\就プレ_納刀抜刀実装 (2)\就プレ_納刀抜刀実装\就プレ_納刀抜刀実装\就プレ_武器分離\x64\debug\enemy.obj
c:\users\kousu\desktop\就プレ_納刀抜刀実装 (2)\就プレ_納刀抜刀実装\就プレ_納刀抜刀実装\就プレ_武器分離\x64\debug\doorframe.obj
c:\users\kousu\desktop\就プレ_納刀抜刀実装 (2)\就プレ_納刀抜刀実装\就プレ_納刀抜刀実装\就プレ_武器分離\x64\debug\door.obj
c:\users\kousu\desktop\就プレ_納刀抜刀実装 (2)\就プレ_納刀抜刀実装\就プレ_納刀抜刀実装\就プレ_武器分離\x64\debug\cylinder.obj
c:\users\kousu\desktop\就プレ_納刀抜刀実装 (2)\就プレ_納刀抜刀実装\就プレ_納刀抜刀実装\就プレ_武器分離\x64\debug\child.obj
c:\users\kousu\desktop\就プレ_納刀抜刀実装 (2)\就プレ_納刀抜刀実装\就プレ_納刀抜刀実装\就プレ_武器分離\x64\debug\camera.obj
c:\users\kousu\desktop\就プレ_納刀抜刀実装 (2)\就プレ_納刀抜刀実装\就プレ_納刀抜刀実装\就プレ_武器分離\x64\debug\button.obj
c:\users\kousu\desktop\就プレ_納刀抜刀実装 (2)\就プレ_納刀抜刀実装\就プレ_納刀抜刀実装\就プレ_武器分離\x64\debug\bullet.obj
c:\users\kousu\desktop\就プレ_納刀抜刀実装 (2)\就プレ_納刀抜刀実装\就プレ_納刀抜刀実装\就プレ_武器分離\x64\debug\box.obj
c:\users\kousu\desktop\就プレ_納刀抜刀実装 (2)\就プレ_納刀抜刀実装\就プレ_納刀抜刀実装\就プレ_武器分離\x64\debug\bladeefect2.obj
c:\users\kousu\desktop\就プレ_納刀抜刀実装 (2)\就プレ_納刀抜刀実装\就プレ_納刀抜刀実装\就プレ_武器分離\x64\debug\audio.obj
c:\users\kousu\desktop\就プレ_納刀抜刀実装 (2)\就プレ_納刀抜刀実装\就プレ_納刀抜刀実装\就プレ_武器分離\x64\debug\animationmodel.obj
c:\users\kousu\desktop\就プレ_納刀抜刀実装 (2)\就プレ_納刀抜刀実装\就プレ_納刀抜刀実装\就プレ_武器分離\x64\debug\renderer.obj
c:\users\kousu\desktop\就プレ_納刀抜刀実装 (2)\就プレ_納刀抜刀実装\就プレ_納刀抜刀実装\就プレ_武器分離\x64\debug\potioncount.obj
c:\users\kousu\desktop\就プレ_納刀抜刀実装 (2)\就プレ_納刀抜刀実装\就プレ_納刀抜刀実装\就プレ_武器分離\x64\debug\polygon2d.obj
c:\users\kousu\desktop\就プレ_納刀抜刀実装 (2)\就プレ_納刀抜刀実装\就プレ_納刀抜刀実装\就プレ_武器分離\x64\debug\player.obj
c:\users\kousu\desktop\就プレ_納刀抜刀実装 (2)\就プレ_納刀抜刀実装\就プレ_納刀抜刀実装\就プレ_武器分離\x64\debug\particle.obj
c:\users\kousu\desktop\就プレ_納刀抜刀実装 (2)\就プレ_納刀抜刀実装\就プレ_納刀抜刀実装\就プレ_武器分離\x64\debug\model.obj
c:\users\kousu\desktop\就プレ_納刀抜刀実装 (2)\就プレ_納刀抜刀実装\就プレ_納刀抜刀実装\就プレ_武器分離\x64\debug\meshfield.obj
c:\users\kousu\desktop\就プレ_納刀抜刀実装 (2)\就プレ_納刀抜刀実装\就プレ_納刀抜刀実装\就プレ_武器分離\x64\debug\manager.obj
c:\users\kousu\desktop\就プレ_納刀抜刀実装 (2)\就プレ_納刀抜刀実装\就プレ_納刀抜刀実装\就プレ_武器分離\x64\debug\main.obj
c:\users\kousu\desktop\就プレ_納刀抜刀実装 (2)\就プレ_納刀抜刀実装\就プレ_納刀抜刀実装\就プレ_武器分離\x64\debug\loadinglogo.obj
c:\users\kousu\desktop\就プレ_納刀抜刀実装 (2)\就プレ_納刀抜刀実装\就プレ_納刀抜刀実装\就プレ_武器分離\x64\debug\loading.obj
c:\users\kousu\desktop\就プレ_納刀抜刀実装 (2)\就プレ_納刀抜刀実装\就プレ_納刀抜刀実装\就プレ_武器分離\x64\debug\input.obj
c:\users\kousu\desktop\就プレ_納刀抜刀実装 (2)\就プレ_納刀抜刀実装\就プレ_納刀抜刀実装\就プレ_武器分離\x64\debug\imgui_widgets.obj
c:\users\kousu\desktop\就プレ_納刀抜刀実装 (2)\就プレ_納刀抜刀実装\就プレ_納刀抜刀実装\就プレ_武器分離\x64\debug\imgui_tables.obj
c:\users\kousu\desktop\就プレ_納刀抜刀実装 (2)\就プレ_納刀抜刀実装\就プレ_納刀抜刀実装\就プレ_武器分離\x64\debug\imgui_impl_win32.obj
c:\users\kousu\desktop\就プレ_納刀抜刀実装 (2)\就プレ_納刀抜刀実装\就プレ_納刀抜刀実装\就プレ_武器分離\x64\debug\imgui_impl_dx11.obj
c:\users\kousu\desktop\就プレ_納刀抜刀実装 (2)\就プレ_納刀抜刀実装\就プレ_納刀抜刀実装\就プレ_武器分離\x64\debug\imgui_draw.obj
c:\users\kousu\desktop\就プレ_納刀抜刀実装 (2)\就プレ_納刀抜刀実装\就プレ_納刀抜刀実装\就プレ_武器分離\x64\debug\imgui_demo.obj
c:\users\kousu\desktop\就プレ_納刀抜刀実装 (2)\就プレ_納刀抜刀実装\就プレ_納刀抜刀実装\就プレ_武器分離\x64\debug\imgui.obj
c:\users\kousu\desktop\就プレ_納刀抜刀実装 (2)\就プレ_納刀抜刀実装\就プレ_納刀抜刀実装\就プレ_武器分離\x64\debug\hpgage.obj
c:\users\kousu\desktop\就プレ_納刀抜刀実装 (2)\就プレ_納刀抜刀実装\就プレ_納刀抜刀実装\就プレ_武器分離\x64\debug\wepon_sword.obj
c:\users\kousu\desktop\就プレ_納刀抜刀実装 (2)\就プレ_納刀抜刀実装\就プレ_納刀抜刀実装\就プレ_武器分離\x64\debug\wepon_shield.obj
c:\users\kousu\desktop\就プレ_納刀抜刀実装 (2)\就プレ_納刀抜刀実装\就プレ_納刀抜刀実装\就プレ_武器分離\x64\debug\wepon_gun.obj
c:\users\kousu\desktop\就プレ_納刀抜刀実装 (2)\就プレ_納刀抜刀実装\就プレ_納刀抜刀実装\就プレ_武器分離\x64\debug\wepon_galbert.obj
c:\users\kousu\desktop\就プレ_納刀抜刀実装 (2)\就プレ_納刀抜刀実装\就プレ_納刀抜刀実装\就プレ_武器分離\x64\debug\watersurface.obj
c:\users\kousu\desktop\就プレ_納刀抜刀実装 (2)\就プレ_納刀抜刀実装\就プレ_納刀抜刀実装\就プレ_武器分離\x64\debug\torus.obj
c:\users\kousu\desktop\就プレ_納刀抜刀実装 (2)\就プレ_納刀抜刀実装\就プレ_納刀抜刀実装\就プレ_武器分離\x64\debug\titlelogo.obj
c:\users\kousu\desktop\就プレ_納刀抜刀実装 (2)\就プレ_納刀抜刀実装\就プレ_納刀抜刀実装\就プレ_武器分離\x64\debug\titlebutton.obj
c:\users\kousu\desktop\就プレ_納刀抜刀実装 (2)\就プレ_納刀抜刀実装\就プレ_納刀抜刀実装\就プレ_武器分離\x64\debug\title.obj
c:\users\kousu\desktop\就プレ_納刀抜刀実装 (2)\就プレ_納刀抜刀実装\就プレ_納刀抜刀実装\就プレ_武器分離\x64\debug\staminagage.obj
c:\users\kousu\desktop\就プレ_納刀抜刀実装 (2)\就プレ_納刀抜刀実装\就プレ_納刀抜刀実装\就プレ_武器分離\x64\debug\sprite.obj
c:\users\kousu\desktop\就プレ_納刀抜刀実装 (2)\就プレ_納刀抜刀実装\就プレ_納刀抜刀実装\就プレ_武器分離\x64\debug\sky.obj
c:\users\kousu\desktop\就プレ_納刀抜刀実装 (2)\就プレ_納刀抜刀実装\就プレ_納刀抜刀実装\就プレ_武器分離\x64\debug\shadow.obj
c:\users\kousu\desktop\就プレ_納刀抜刀実装 (2)\就プレ_納刀抜刀実装\就プレ_納刀抜刀実装\就プレ_武器分離\x64\debug\score.obj
c:\users\kousu\desktop\就プレ_納刀抜刀実装 (2)\就プレ_納刀抜刀実装\就プレ_納刀抜刀実装\就プレ_武器分離\x64\debug\rock.obj
c:\users\kousu\desktop\就プレ_納刀抜刀実装 (2)\就プレ_納刀抜刀実装\就プレ_納刀抜刀実装\就プレ_武器分離\x64\debug\result.obj
c:\users\kousu\desktop\就プレ_納刀抜刀実装 (2)\就プレ_納刀抜刀実装\就プレ_納刀抜刀実装\就プレ_武器分離\x64\debug\treetexture.obj
c:\users\kousu\desktop\就プレ_納刀抜刀実装 (2)\就プレ_納刀抜刀実装\就プレ_納刀抜刀実装\就プレ_武器分離\x64\debug\treeobj.obj
c:\users\kousu\desktop\就プレ_納刀抜刀実装 (2)\就プレ_納刀抜刀実装\就プレ_納刀抜刀実装\就プレ_武器分離\x64\debug\result_gameover.obj
c:\users\kousu\desktop\就プレ_納刀抜刀実装 (2)\就プレ_納刀抜刀実装\就プレ_納刀抜刀実装\就プレ_武器分離\shader\depthshadowmappingps.cso
c:\users\kousu\desktop\就プレ_納刀抜刀実装 (2)\就プレ_納刀抜刀実装\就プレ_納刀抜刀実装\就プレ_武器分離\shader\depthshadowmappingvs.cso
c:\users\kousu\desktop\就プレ_納刀抜刀実装 (2)\就プレ_納刀抜刀実装\就プレ_納刀抜刀実装\就プレ_武器分離\shader\dissolveps.cso
c:\users\kousu\desktop\就プレ_納刀抜刀実装 (2)\就プレ_納刀抜刀実装\就プレ_納刀抜刀実装\就プレ_武器分離\shader\envmappingps.cso
c:\users\kousu\desktop\就プレ_納刀抜刀実装 (2)\就プレ_納刀抜刀実装\就プレ_納刀抜刀実装\就プレ_武器分離\shader\envmappingvs.cso
c:\users\kousu\desktop\就プレ_納刀抜刀実装 (2)\就プレ_納刀抜刀実装\就プレ_納刀抜刀実装\就プレ_武器分離\shader\fogps.cso
c:\users\kousu\desktop\就プレ_納刀抜刀実装 (2)\就プレ_納刀抜刀実装\就プレ_納刀抜刀実装\就プレ_武器分離\shader\fogvs.cso
c:\users\kousu\desktop\就プレ_納刀抜刀実装 (2)\就プレ_納刀抜刀実装\就プレ_納刀抜刀実装\就プレ_武器分離\shader\gaugeps.cso
c:\users\kousu\desktop\就プレ_納刀抜刀実装 (2)\就プレ_納刀抜刀実装\就プレ_納刀抜刀実装\就プレ_武器分離\shader\gaugevs.cso
c:\users\kousu\desktop\就プレ_納刀抜刀実装 (2)\就プレ_納刀抜刀実装\就プレ_納刀抜刀実装\就プレ_武器分離\pixellightingps.cso
c:\users\kousu\desktop\就プレ_納刀抜刀実装 (2)\就プレ_納刀抜刀実装\就プレ_納刀抜刀実装\就プレ_武器分離\shader\pixellightingrimps.cso
c:\users\kousu\desktop\就プレ_納刀抜刀実装 (2)\就プレ_納刀抜刀実装\就プレ_納刀抜刀実装\就プレ_武器分離\shader\pixellightingrimvs.cso
c:\users\kousu\desktop\就プレ_納刀抜刀実装 (2)\就プレ_納刀抜刀実装\就プレ_納刀抜刀実装\就プレ_武器分離\pixellightingvs.cso
c:\users\kousu\desktop\就プレ_納刀抜刀実装 (2)\就プレ_納刀抜刀実装\就プレ_納刀抜刀実装\就プレ_武器分離\shader\staminagaugeps.cso
c:\users\kousu\desktop\就プレ_納刀抜刀実装 (2)\就プレ_納刀抜刀実装\就プレ_納刀抜刀実装\就プレ_武器分離\shader\staminagaugevs.cso
c:\users\kousu\desktop\就プレ_納刀抜刀実装 (2)\就プレ_納刀抜刀実装\就プレ_納刀抜刀実装\就プレ_武器分離\shader\unlittextureps.cso
c:\users\kousu\desktop\就プレ_納刀抜刀実装 (2)\就プレ_納刀抜刀実装\就プレ_納刀抜刀実装\就プレ_武器分離\shader\unlittextureps2.cso
c:\users\kousu\desktop\就プレ_納刀抜刀実装 (2)\就プレ_納刀抜刀実装\就プレ_納刀抜刀実装\就プレ_武器分離\shader\unlittexturevs.cso
c:\users\kousu\desktop\就プレ_納刀抜刀実装 (2)\就プレ_納刀抜刀実装\就プレ_納刀抜刀実装\就プレ_武器分離\shader\unlittexturevs2.cso
c:\users\kousu\desktop\就プレ_納刀抜刀実装 (2)\就プレ_納刀抜刀実装\就プレ_納刀抜刀実装\就プレ_武器分離\shader\vertexlightingps.cso
c:\users\kousu\desktop\就プレ_納刀抜刀実装 (2)\就プレ_納刀抜刀実装\就プレ_納刀抜刀実装\就プレ_武器分離\shader\vertexlightingvs.cso
c:\users\kousu\desktop\就プレ_納刀抜刀実装 (2)\就プレ_納刀抜刀実装\就プレ_納刀抜刀実装\就プレ_武器分離\x64\debug\gm31.exe
c:\users\kousu\desktop\就プレ_納刀抜刀実装 (2)\就プレ_納刀抜刀実装\就プレ_納刀抜刀実装\就プレ_武器分離\x64\debug\gm31.ilk
c:\users\kousu\desktop\就プレ_納刀抜刀実装 (2)\就プレ_納刀抜刀実装\就プレ_納刀抜刀実装\就プレ_武器分離\x64\debug\gm31.pdb
c:\users\kousu\desktop\就プレ_納刀抜刀実装 (2)\就プレ_納刀抜刀実装\就プレ_納刀抜刀実装\就プレ_武器分離\x64\debug\boxcolliderr.obj
c:\users\kousu\desktop\就プレ_納刀抜刀実装 (2)\就プレ_納刀抜刀実装\就プレ_納刀抜刀実装\就プレ_武器分離\x64\debug\boxcomponent.obj
c:\users\kousu\desktop\就プレ_納刀抜刀実装 (2)\就プレ_納刀抜刀実装\就プレ_納刀抜刀実装\就プレ_武器分離\x64\debug\collider.obj
c:\users\kousu\desktop\就プレ_納刀抜刀実装 (2)\就プレ_納刀抜刀実装\就プレ_納刀抜刀実装\就プレ_武器分離\x64\debug\collisionhit.obj
c:\users\kousu\desktop\就プレ_納刀抜刀実装 (2)\就プレ_納刀抜刀実装\就プレ_納刀抜刀実装\就プレ_武器分離\x64\debug\hpbottom.obj
c:\users\kousu\desktop\就プレ_納刀抜刀実装 (2)\就プレ_納刀抜刀実装\就プレ_納刀抜刀実装\就プレ_武器分離\x64\debug\playerhpgage.obj
c:\users\kousu\desktop\就プレ_納刀抜刀実装 (2)\就プレ_納刀抜刀実装\就プレ_納刀抜刀実装\就プレ_武器分離\x64\debug\spherecollider.obj
c:\users\kousu\desktop\就プレ_納刀抜刀実装 (2)\就プレ_納刀抜刀実装\就プレ_納刀抜刀実装\就プレ_武器分離\x64\debug\spherecomponent.obj
c:\users\kousu\desktop\就プレ_納刀抜刀実装 (2)\就プレ_納刀抜刀実装\就プレ_納刀抜刀実装\就プレ_武器分離\x64\debug\swordtrail.obj
c:\users\kousu\desktop\就プレ_納刀抜刀実装 (2)\就プレ_納刀抜刀実装\就プレ_納刀抜刀実装\就プレ_武器分離\x64\debug\tree.obj
c:\users\kousu\desktop\就プレ_納刀抜刀実装 (2)\就プレ_納刀抜刀実装\就プレ_納刀抜刀実装\就プレ_武器分離\x64\debug\game.new.obj.enc
c:\users\kousu\desktop\就プレ_納刀抜刀実装 (2)\就プレ_納刀抜刀実装\就プレ_納刀抜刀実装\就プレ_武器分離\x64\debug\gm31.tlog\cl.command.1.tlog
c:\users\kousu\desktop\就プレ_納刀抜刀実装 (2)\就プレ_納刀抜刀実装\就プレ_納刀抜刀実装\就プレ_武器分離\x64\debug\gm31.tlog\cl.items.tlog
c:\users\kousu\desktop\就プレ_納刀抜刀実装 (2)\就プレ_納刀抜刀実装\就プレ_納刀抜刀実装\就プレ_武器分離\x64\debug\gm31.tlog\cl.read.1.tlog
c:\users\kousu\desktop\就プレ_納刀抜刀実装 (2)\就プレ_納刀抜刀実装\就プレ_納刀抜刀実装\就プレ_武器分離\x64\debug\gm31.tlog\cl.write.1.tlog
c:\users\kousu\desktop\就プレ_納刀抜刀実装 (2)\就プレ_納刀抜刀実装\就プレ_納刀抜刀実装\就プレ_武器分離\x64\debug\gm31.tlog\fxc.command.1.tlog
c:\users\kousu\desktop\就プレ_納刀抜刀実装 (2)\就プレ_納刀抜刀実装\就プレ_納刀抜刀実装\就プレ_武器分離\x64\debug\gm31.tlog\fxc.read.1.tlog
c:\users\kousu\desktop\就プレ_納刀抜刀実装 (2)\就プレ_納刀抜刀実装\就プレ_納刀抜刀実装\就プレ_武器分離\x64\debug\gm31.tlog\fxc.write.1.tlog
c:\users\kousu\desktop\就プレ_納刀抜刀実装 (2)\就プレ_納刀抜刀実装\就プレ_納刀抜刀実装\就プレ_武器分離\x64\debug\gm31.tlog\link.command.1.tlog
c:\users\kousu\desktop\就プレ_納刀抜刀実装 (2)\就プレ_納刀抜刀実装\就プレ_納刀抜刀実装\就プレ_武器分離\x64\debug\gm31.tlog\link.read.1.tlog
c:\users\kousu\desktop\就プレ_納刀抜刀実装 (2)\就プレ_納刀抜刀実装\就プレ_納刀抜刀実装\就プレ_武器分離\x64\debug\gm31.tlog\link.write.1.tlog
